<?xml version="1.0" encoding="UTF-8"?>
<!-- Generated by org.testng.reporters.JUnitReportReporter -->
<testsuite hostname="9ca77ce91c3d" failures="0" tests="4" name="com.freshflows.tests.loginPageTest" time="87.508" errors="0" timestamp="2022-06-29T12:14:47 UTC" skipped="0">
  <testcase classname="com.freshflows.tests.loginPageTest" name="newOrgCreation" time="33.982"/>
  <system-out/>
  <testcase classname="com.freshflows.tests.loginPageTest" name="login" time="9.828"/>
  <system-out/>
  <testcase classname="com.freshflows.tests.loginPageTest" name="login" time="8.151"/>
  <system-out/>
  <testcase classname="com.freshflows.tests.loginPageTest" name="newOrgCreation" time="35.547"/>
  <system-out/>
</testsuite> <!-- com.freshflows.tests.loginPageTest -->
